<?xml version="1.0" encoding="UTF-8"?>
<!-- Generated by org.testng.reporters.JUnitReportReporter -->
<testsuite hostname="BOOK-DA60ANED4E" failures="0" tests="1" name="com.tutorialsninja.qa.TestCase_Medium.ShoppingcartTest" time="10.538" errors="0" timestamp="2024-01-07T16:49:51 CST" skipped="0">
  <testcase classname="com.tutorialsninja.qa.TestCase_Medium.ShoppingcartTest" name="testAddProductToCartAndVerify" time="10.538"/>
  <system-out/>
</testsuite> <!-- com.tutorialsninja.qa.TestCase_Medium.ShoppingcartTest -->
