<?xml version="1.0" encoding="UTF-8"?>
<!-- Generated by org.testng.reporters.JUnitReportReporter -->
<testsuite hostname="BOOK-DA60ANED4E" failures="0" tests="1" name="com.tutorialsninja.qa.TestCase_Medium.RegistrationTest" time="6.894" errors="0" timestamp="2024-01-07T16:49:10 CST" skipped="0">
  <testcase classname="com.tutorialsninja.qa.TestCase_Medium.RegistrationTest" name="testSuccessfulRegistrationWithValidCredentials" time="6.894"/>
  <system-out/>
</testsuite> <!-- com.tutorialsninja.qa.TestCase_Medium.RegistrationTest -->
