<?xml version="1.0" encoding="UTF-8"?>
<!-- Generated by org.testng.reporters.JUnitReportReporter -->
<testsuite hostname="BOOK-DA60ANED4E" failures="0" tests="2" name="com.tutorialsninja.qa.TestCase_Medium.HomePageTest" time="24.435" errors="0" timestamp="2024-01-07T16:48:45 CST" skipped="0">
  <testcase classname="com.tutorialsninja.qa.TestCase_Medium.HomePageTest" name="homepageTest" time="5.868"/>
  <system-out/>
  <testcase classname="com.tutorialsninja.qa.TestCase_Medium.HomePageTest" name="navigateToHomePageAndVerifyElement" time="18.567"/>
  <system-out/>
</testsuite> <!-- com.tutorialsninja.qa.TestCase_Medium.HomePageTest -->
